<?xml version="1.0" encoding="UTF-8"?>
<!-- Generated by org.testng.reporters.JUnitReportReporter -->
<testsuite hostname="DESKTOP-Q82OL9U" failures="0" tests="1" name="demo_assignment.google" time="6.737" errors="0" timestamp="2024-08-21T23:54:05 IST" skipped="0">
  <testcase classname="demo_assignment.google" name="searchfield" time="6.737"/>
  <system-out/>
</testsuite> <!-- demo_assignment.google -->
